<?xml version="1.0" encoding="UTF-8"?>
<testng-results ignored="0" total="1" passed="1" failed="0" skipped="0">
  <reporter-output>
  </reporter-output>
  <suite started-at="2020-09-08T08:01:58Z" name="All Test Suite" finished-at="2020-09-08T08:03:01Z" duration-ms="62746">
    <groups>
    </groups>
    <test started-at="2020-09-08T08:01:58Z" name="C:/Users/T1170/IdeaProjects/AppiumFramework_practise" finished-at="2020-09-08T08:03:01Z" duration-ms="62746">
      <class name="practise.SecureNoteItem_Create_Edit_Delete">
        <test-method is-config="true" signature="killAllNodes()[pri:0, instance:practise.SecureNoteItem_Create_Edit_Delete@2141a12]" started-at="2020-09-08T08:01:58Z" name="killAllNodes" finished-at="2020-09-08T08:02:01Z" duration-ms="3004" status="PASS">
          <reporter-output>
          </reporter-output>
        </test-method> <!-- killAllNodes -->
        <test-method signature="SecureNoteTest()[pri:0, instance:practise.SecureNoteItem_Create_Edit_Delete@2141a12]" started-at="2020-09-08T08:02:01Z" name="SecureNoteTest" finished-at="2020-09-08T08:03:01Z" duration-ms="59724" status="PASS">
          <reporter-output>
          </reporter-output>
        </test-method> <!-- SecureNoteTest -->
      </class> <!-- practise.SecureNoteItem_Create_Edit_Delete -->
    </test> <!-- C:/Users/T1170/IdeaProjects/AppiumFramework_practise -->
  </suite> <!-- All Test Suite -->
</testng-results>
